<?xml version="1.0" encoding="UTF-8"?>
<TestRun id="c7fe268f-cada-45d3-9261-cef2ba06bdfa" name="YTR@YTR-LAPTOP 2024-03-28 12:01:16" runUser="YTR-LAPTOP\YTR" xmlns="http://microsoft.com/schemas/VisualStudio/TeamTest/2010">
  <TestSettings name="Local" id="afbce444-c1e2-423d-9182-7b1e04fe2711">
    <Description>These are default test settings for a local test run.</Description>
    <Deployment enabled="false" runDeploymentRoot="YTR_YTR-LAPTOP 2024-03-28 12_01_16">
      <DeploymentItem filename="E:\Project\JobsTest\RepositoryManager\RepositoryManager\bin\Debug\RepositoryManager.dll" />
    </Deployment>
    <Execution>
      <TestTypeSpecific />
      <AgentRule name="Execution Agents">
      </AgentRule>
    </Execution>
  </TestSettings>
  <Times creation="2024-03-28T12:01:16.9907368+07:00" queuing="2024-03-28T12:01:17.0532433+07:00" start="2024-03-28T12:01:17.0720673+07:00" finish="2024-03-28T12:01:17.4284749+07:00" />
  <ResultSummary outcome="Completed">
    <Counters total="2" executed="2" passed="2" error="0" failed="0" timeout="0" aborted="0" inconclusive="0" passedButRunAborted="0" notRunnable="0" notExecuted="0" disconnected="0" warning="0" completed="0" inProgress="0" pending="0" />
  </ResultSummary>
  <TestDefinitions>
    <UnitTest name="EnsureItCanRegisterItem" storage="e:\project\jobstest\repositorymanager\testproject1\bin\debug\testproject1.dll" id="cda4f12e-db82-807b-9565-f855454e226f">
      <Execution id="5371afa5-5442-4b86-9726-b8dc332f91b7" />
      <TestMethod codeBase="E:/Project/JobsTest/RepositoryManager/TestProject1/bin/Debug/TestProject1.DLL" adapterTypeName="Microsoft.VisualStudio.TestTools.TestTypes.Unit.UnitTestAdapter, Microsoft.VisualStudio.QualityTools.Tips.UnitTest.Adapter, Version=10.0.0.0, Culture=neutral, PublicKeyToken=b03f5f7f11d50a3a" className="TestProject1.UnitTest1, TestProject1, Version=1.0.0.0, Culture=neutral, PublicKeyToken=null" name="EnsureItCanRegisterItem" />
    </UnitTest>
    <UnitTest name="EnsureItemCannotBeOverride" storage="e:\project\jobstest\repositorymanager\testproject1\bin\debug\testproject1.dll" id="2bed8d06-eb68-8c6b-6d96-c95efb0b61de">
      <Execution id="22145158-71cf-4fb0-8b12-58936ab8394d" />
      <TestMethod codeBase="E:/Project/JobsTest/RepositoryManager/TestProject1/bin/Debug/TestProject1.DLL" adapterTypeName="Microsoft.VisualStudio.TestTools.TestTypes.Unit.UnitTestAdapter, Microsoft.VisualStudio.QualityTools.Tips.UnitTest.Adapter, Version=10.0.0.0, Culture=neutral, PublicKeyToken=b03f5f7f11d50a3a" className="TestProject1.UnitTest1, TestProject1, Version=1.0.0.0, Culture=neutral, PublicKeyToken=null" name="EnsureItemCannotBeOverride" />
    </UnitTest>
  </TestDefinitions>
  <TestLists>
    <TestList name="Results Not in a List" id="8c84fa94-04c1-424b-9868-57a2d4851a1d" />
    <TestList name="All Loaded Results" id="19431567-8539-422a-85d7-44ee4e166bda" />
  </TestLists>
  <TestEntries>
    <TestEntry testId="2bed8d06-eb68-8c6b-6d96-c95efb0b61de" executionId="22145158-71cf-4fb0-8b12-58936ab8394d" testListId="8c84fa94-04c1-424b-9868-57a2d4851a1d" />
    <TestEntry testId="cda4f12e-db82-807b-9565-f855454e226f" executionId="5371afa5-5442-4b86-9726-b8dc332f91b7" testListId="8c84fa94-04c1-424b-9868-57a2d4851a1d" />
  </TestEntries>
  <Results>
    <UnitTestResult executionId="22145158-71cf-4fb0-8b12-58936ab8394d" testId="2bed8d06-eb68-8c6b-6d96-c95efb0b61de" testName="EnsureItemCannotBeOverride" computerName="YTR-LAPTOP" duration="00:00:00.0201802" startTime="2024-03-28T12:01:17.0740603+07:00" endTime="2024-03-28T12:01:17.4000278+07:00" testType="13cdc9d9-ddb5-4fa4-a97d-d965ccfc6d4b" outcome="Passed" testListId="8c84fa94-04c1-424b-9868-57a2d4851a1d" relativeResultsDirectory="22145158-71cf-4fb0-8b12-58936ab8394d">
    </UnitTestResult>
    <UnitTestResult executionId="5371afa5-5442-4b86-9726-b8dc332f91b7" testId="cda4f12e-db82-807b-9565-f855454e226f" testName="EnsureItCanRegisterItem" computerName="YTR-LAPTOP" duration="00:00:00.0010040" startTime="2024-03-28T12:01:17.4000278+07:00" endTime="2024-03-28T12:01:17.4000278+07:00" testType="13cdc9d9-ddb5-4fa4-a97d-d965ccfc6d4b" outcome="Passed" testListId="8c84fa94-04c1-424b-9868-57a2d4851a1d" relativeResultsDirectory="5371afa5-5442-4b86-9726-b8dc332f91b7">
    </UnitTestResult>
  </Results>
</TestRun>