<?xml version="1.0" encoding="UTF-8"?>
<TestRun id="58927ed4-d212-4340-b070-aec0de5994ec" name="YTR@YTR-LAPTOP 2024-03-28 11:35:41" runUser="YTR-LAPTOP\YTR" xmlns="http://microsoft.com/schemas/VisualStudio/TeamTest/2010">
  <TestSettings name="Local" id="afbce444-c1e2-423d-9182-7b1e04fe2711">
    <Description>These are default test settings for a local test run.</Description>
    <Deployment enabled="false" runDeploymentRoot="YTR_YTR-LAPTOP 2024-03-28 11_35_41">
      <DeploymentItem filename="E:\Project\JobsTest\RepositoryManager\RepositoryManager\bin\Debug\RepositoryManager.dll" />
    </Deployment>
    <Execution>
      <TestTypeSpecific />
      <AgentRule name="Execution Agents">
      </AgentRule>
    </Execution>
  </TestSettings>
  <Times creation="2024-03-28T11:35:41.8706077+07:00" queuing="2024-03-28T11:35:41.9331064+07:00" start="2024-03-28T11:35:41.9447120+07:00" finish="2024-03-28T11:35:42.3671556+07:00" />
  <ResultSummary outcome="Failed">
    <Counters total="1" executed="1" error="0" failed="1" timeout="0" aborted="0" inconclusive="0" passedButRunAborted="0" notRunnable="0" notExecuted="0" disconnected="0" warning="0" passed="0" completed="0" inProgress="0" pending="0" />
  </ResultSummary>
  <TestDefinitions>
    <UnitTest name="TestMethod1" storage="e:\project\jobstest\repositorymanager\testproject1\bin\debug\testproject1.dll" id="59863143-3238-122e-4d8a-637b491cc755">
      <Execution id="f49ad3d5-4eb3-4d27-bc0f-7cbfafd4bebd" />
      <TestMethod codeBase="E:/Project/JobsTest/RepositoryManager/TestProject1/bin/Debug/TestProject1.DLL" adapterTypeName="Microsoft.VisualStudio.TestTools.TestTypes.Unit.UnitTestAdapter, Microsoft.VisualStudio.QualityTools.Tips.UnitTest.Adapter, Version=10.0.0.0, Culture=neutral, PublicKeyToken=b03f5f7f11d50a3a" className="TestProject1.UnitTest1, TestProject1, Version=1.0.0.0, Culture=neutral, PublicKeyToken=null" name="TestMethod1" />
    </UnitTest>
  </TestDefinitions>
  <TestLists>
    <TestList name="Results Not in a List" id="8c84fa94-04c1-424b-9868-57a2d4851a1d" />
    <TestList name="All Loaded Results" id="19431567-8539-422a-85d7-44ee4e166bda" />
  </TestLists>
  <TestEntries>
    <TestEntry testId="59863143-3238-122e-4d8a-637b491cc755" executionId="f49ad3d5-4eb3-4d27-bc0f-7cbfafd4bebd" testListId="8c84fa94-04c1-424b-9868-57a2d4851a1d" />
  </TestEntries>
  <Results>
    <UnitTestResult executionId="f49ad3d5-4eb3-4d27-bc0f-7cbfafd4bebd" testId="59863143-3238-122e-4d8a-637b491cc755" testName="TestMethod1" computerName="YTR-LAPTOP" duration="00:00:00.0706332" startTime="2024-03-28T11:35:41.9467109+07:00" endTime="2024-03-28T11:35:42.3464933+07:00" testType="13cdc9d9-ddb5-4fa4-a97d-d965ccfc6d4b" outcome="Failed" testListId="8c84fa94-04c1-424b-9868-57a2d4851a1d" relativeResultsDirectory="f49ad3d5-4eb3-4d27-bc0f-7cbfafd4bebd">
      <Output>
        <ErrorInfo>
          <Message>Test method TestProject1.UnitTest1.TestMethod1 threw exception: 
System.ArgumentException: Item is already exist and can not be override</Message>
          <StackTrace>    at RepositoryManager.RepositoryManager.Retrieve(String itemName) in E:\Project\JobsTest\RepositoryManager\RepositoryManager\RepositoryManager.cs:line 42
   at TestProject1.UnitTest1.TestMethod1() in E:\Project\JobsTest\RepositoryManager\TestProject1\UnitTest1.cs:line 20
</StackTrace>
        </ErrorInfo>
      </Output>
    </UnitTestResult>
  </Results>
</TestRun>